#
# There is insufficient memory for the Java Runtime Environment to continue.
# Native memory allocation (malloc) failed to allocate 1860976 bytes for Chunk::new
# Possible reasons:
#   The system is out of physical RAM or swap space
#   The process is running with CompressedOops enabled, and the Java Heap may be blocking the growth of the native heap
# Possible solutions:
#   Reduce memory load on the system
#   Increase physical memory or swap space
#   Check if swap backing store is full
#   Decrease Java heap size (-Xmx/-Xms)
#   Decrease number of Java threads
#   Decrease Java thread stack sizes (-Xss)
#   Set larger code cache with -XX:ReservedCodeCacheSize=
#   JVM is running with Unscaled Compressed Oops mode in which the Java heap is
#     placed in the first 4GB address space. The Java Heap base address is the
#     maximum limit for the native heap growth. Please use -XX:HeapBaseMinAddress
#     to set the Java Heap base and to place the Java Heap above 4GB virtual address.
# This output file may be truncated or incomplete.
#
#  Out of Memory Error (allocation.cpp:389), pid=22240, tid=0x0000000000004eb0
#
# JRE version: OpenJDK Runtime Environment (8.0_242-b01) (build 1.8.0_242-release-1644-b01)
# Java VM: OpenJDK 64-Bit Server VM (25.242-b01 mixed mode windows-amd64 compressed oops)
# Failed to write core dump. Minidumps are not enabled by default on client versions of Windows
#

---------------  T H R E A D  ---------------

Current thread (0x00000000189eb000):  JavaThread "C2 CompilerThread1" daemon [_thread_in_native, id=20144, stack(0x00000000193b0000,0x00000000194b0000)]

Stack: [0x00000000193b0000,0x00000000194b0000]
[error occurred during error reporting (printing stack bounds), id 0xc0000005]

Native frames: (J=compiled Java code, j=interpreted, Vv=VM code, C=native code)


Current CompileTask:
C2:  12325 5487 %     4       groovy.lang.MetaClassImpl::inheritInterfaceNewMetaMethods @ 104 (199 bytes)


---------------  P R O C E S S  ---------------

Java Threads: ( => current thread )
  0x000000001b770000 JavaThread "Cache worker for Build Output Cleanup Cache (C:\Users\Triswanto\AndroidStudioProjects\e_trace_app\android\.gradle\buildOutputCleanup)" [_thread_blocked, id=12472, stack(0x0000000029f50000,0x000000002a050000)]
  0x000000001b76b000 JavaThread "jar transforms Thread 112" [_thread_blocked, id=2476, stack(0x0000000029c50000,0x0000000029d50000)]
  0x000000001b76a000 JavaThread "jar transforms Thread 111" [_thread_blocked, id=11956, stack(0x0000000029b50000,0x0000000029c50000)]
  0x000000001f28a000 JavaThread "jar transforms Thread 110" [_thread_blocked, id=29572, stack(0x0000000029a50000,0x0000000029b50000)]
  0x000000001f289800 JavaThread "jar transforms Thread 109" [_thread_blocked, id=8272, stack(0x0000000029950000,0x0000000029a50000)]
  0x000000001f285800 JavaThread "jar transforms Thread 108" [_thread_blocked, id=18556, stack(0x0000000029850000,0x0000000029950000)]
  0x000000001f285000 JavaThread "jar transforms Thread 107" [_thread_blocked, id=7016, stack(0x0000000029750000,0x0000000029850000)]
  0x000000001f288000 JavaThread "jar transforms Thread 106" [_thread_blocked, id=22560, stack(0x0000000029650000,0x0000000029750000)]
  0x000000001f287000 JavaThread "jar transforms Thread 105" [_thread_blocked, id=3536, stack(0x0000000029550000,0x0000000029650000)]
  0x000000001f288800 JavaThread "jar transforms Thread 104" [_thread_blocked, id=5940, stack(0x0000000029450000,0x0000000029550000)]
  0x000000001f284000 JavaThread "jar transforms Thread 103" [_thread_blocked, id=20344, stack(0x0000000029350000,0x0000000029450000)]
  0x000000001f286800 JavaThread "jar transforms Thread 102" [_thread_blocked, id=18796, stack(0x0000000029250000,0x0000000029350000)]
  0x000000001f27c800 JavaThread "jar transforms Thread 101" [_thread_blocked, id=13256, stack(0x0000000029150000,0x0000000029250000)]
  0x000000001f283800 JavaThread "jar transforms Thread 100" [_thread_blocked, id=21020, stack(0x0000000029050000,0x0000000029150000)]
  0x000000001f280800 JavaThread "jar transforms Thread 99" [_thread_blocked, id=6692, stack(0x0000000028f50000,0x0000000029050000)]
  0x000000001f27c000 JavaThread "jar transforms Thread 98" [_thread_blocked, id=28400, stack(0x0000000028e50000,0x0000000028f50000)]
  0x000000001f282800 JavaThread "jar transforms Thread 97" [_thread_blocked, id=12396, stack(0x0000000028d50000,0x0000000028e50000)]
  0x000000001f27f000 JavaThread "jar transforms Thread 96" [_thread_blocked, id=12560, stack(0x0000000028c50000,0x0000000028d50000)]
  0x000000001f281000 JavaThread "jar transforms Thread 95" [_thread_blocked, id=22944, stack(0x0000000028b50000,0x0000000028c50000)]
  0x000000001f27b000 JavaThread "jar transforms Thread 94" [_thread_blocked, id=29180, stack(0x0000000028a50000,0x0000000028b50000)]
  0x000000001f27f800 JavaThread "jar transforms Thread 93" [_thread_blocked, id=28792, stack(0x0000000028950000,0x0000000028a50000)]
  0x000000001f27e000 JavaThread "jar transforms Thread 92" [_thread_blocked, id=17112, stack(0x0000000028850000,0x0000000028950000)]
  0x000000001f282000 JavaThread "jar transforms Thread 91" [_thread_blocked, id=5800, stack(0x0000000028750000,0x0000000028850000)]
  0x000000001f27d800 JavaThread "jar transforms Thread 90" [_thread_blocked, id=4708, stack(0x0000000028650000,0x0000000028750000)]
  0x000000001e894800 JavaThread "jar transforms Thread 89" [_thread_blocked, id=16712, stack(0x0000000028550000,0x0000000028650000)]
  0x000000001e892000 JavaThread "jar transforms Thread 88" [_thread_blocked, id=12036, stack(0x0000000028450000,0x0000000028550000)]
  0x000000001e893800 JavaThread "jar transforms Thread 87" [_thread_blocked, id=22108, stack(0x0000000028350000,0x0000000028450000)]
  0x000000001e891800 JavaThread "jar transforms Thread 86" [_thread_blocked, id=23780, stack(0x0000000028250000,0x0000000028350000)]
  0x000000001e890800 JavaThread "jar transforms Thread 85" [_thread_blocked, id=25340, stack(0x0000000028150000,0x0000000028250000)]
  0x000000001e893000 JavaThread "jar transforms Thread 84" [_thread_blocked, id=7284, stack(0x0000000028050000,0x0000000028150000)]
  0x000000001e889000 JavaThread "jar transforms Thread 83" [_thread_blocked, id=16976, stack(0x0000000027f50000,0x0000000028050000)]
  0x000000001e890000 JavaThread "jar transforms Thread 82" [_thread_blocked, id=14736, stack(0x0000000027e50000,0x0000000027f50000)]
  0x000000001e88f000 JavaThread "jar transforms Thread 81" [_thread_blocked, id=21712, stack(0x0000000027d50000,0x0000000027e50000)]
  0x000000001e88c000 JavaThread "jar transforms Thread 80" [_thread_blocked, id=17424, stack(0x0000000027c50000,0x0000000027d50000)]
  0x000000001e88e800 JavaThread "jar transforms Thread 79" [_thread_blocked, id=21940, stack(0x0000000027b50000,0x0000000027c50000)]
  0x000000001e887000 JavaThread "jar transforms Thread 78" [_thread_blocked, id=23904, stack(0x0000000027a50000,0x0000000027b50000)]
  0x000000001e88d800 JavaThread "jar transforms Thread 77" [_thread_blocked, id=26496, stack(0x0000000027950000,0x0000000027a50000)]
  0x000000001e88b800 JavaThread "jar transforms Thread 76" [_thread_blocked, id=11156, stack(0x0000000027850000,0x0000000027950000)]
  0x000000001e88d000 JavaThread "jar transforms Thread 75" [_thread_blocked, id=28132, stack(0x0000000027750000,0x0000000027850000)]
  0x000000001e885800 JavaThread "jar transforms Thread 74" [_thread_blocked, id=12212, stack(0x0000000027650000,0x0000000027750000)]
  0x000000001e886000 JavaThread "jar transforms Thread 73" [_thread_blocked, id=3656, stack(0x0000000027550000,0x0000000027650000)]
  0x000000001e88a000 JavaThread "jar transforms Thread 72" [_thread_blocked, id=22296, stack(0x0000000027450000,0x0000000027550000)]
  0x000000001e887800 JavaThread "jar transforms Thread 71" [_thread_blocked, id=19084, stack(0x0000000027350000,0x0000000027450000)]
  0x000000001e88a800 JavaThread "jar transforms Thread 70" [_thread_blocked, id=28652, stack(0x0000000027250000,0x0000000027350000)]
  0x000000001e888800 JavaThread "jar transforms Thread 69" [_thread_blocked, id=12884, stack(0x0000000027150000,0x0000000027250000)]
  0x000000001df24000 JavaThread "jar transforms Thread 68" [_thread_blocked, id=15260, stack(0x0000000027050000,0x0000000027150000)]
  0x000000001df23800 JavaThread "jar transforms Thread 67" [_thread_blocked, id=23816, stack(0x0000000026f50000,0x0000000027050000)]
  0x000000001df25000 JavaThread "jar transforms Thread 66" [_thread_blocked, id=19344, stack(0x0000000026e50000,0x0000000026f50000)]
  0x000000001df25800 JavaThread "jar transforms Thread 65" [_thread_blocked, id=13872, stack(0x0000000026d50000,0x0000000026e50000)]
  0x000000001df27000 JavaThread "jar transforms Thread 64" [_thread_blocked, id=10836, stack(0x0000000026c50000,0x0000000026d50000)]
  0x000000001df22800 JavaThread "jar transforms Thread 63" [_thread_blocked, id=2204, stack(0x0000000026b50000,0x0000000026c50000)]
  0x000000001df26800 JavaThread "jar transforms Thread 62" [_thread_blocked, id=144, stack(0x0000000026a50000,0x0000000026b50000)]
  0x000000001df22000 JavaThread "jar transforms Thread 61" [_thread_blocked, id=22948, stack(0x0000000026950000,0x0000000026a50000)]
  0x000000001df21000 JavaThread "jar transforms Thread 60" [_thread_blocked, id=14064, stack(0x0000000026850000,0x0000000026950000)]
  0x000000001df1b000 JavaThread "jar transforms Thread 59" [_thread_blocked, id=13216, stack(0x0000000026750000,0x0000000026850000)]
  0x000000001df20800 JavaThread "jar transforms Thread 58" [_thread_blocked, id=12480, stack(0x0000000026650000,0x0000000026750000)]
  0x000000001df19000 JavaThread "jar transforms Thread 57" [_thread_blocked, id=6840, stack(0x0000000026550000,0x0000000026650000)]
  0x000000001df1f800 JavaThread "jar transforms Thread 56" [_thread_blocked, id=14760, stack(0x0000000026450000,0x0000000026550000)]
  0x000000001df1c800 JavaThread "jar transforms Thread 55" [_thread_blocked, id=19224, stack(0x0000000026350000,0x0000000026450000)]
  0x000000001df1a800 JavaThread "jar transforms Thread 54" [_thread_blocked, id=27108, stack(0x0000000026250000,0x0000000026350000)]
  0x000000001df18000 JavaThread "jar transforms Thread 53" [_thread_blocked, id=23792, stack(0x0000000026150000,0x0000000026250000)]
  0x000000001df19800 JavaThread "jar transforms Thread 52" [_thread_blocked, id=27680, stack(0x0000000026050000,0x0000000026150000)]
  0x000000001df1f000 JavaThread "jar transforms Thread 51" [_thread_blocked, id=16952, stack(0x0000000025f50000,0x0000000026050000)]
  0x000000001df1d800 JavaThread "jar transforms Thread 50" [_thread_blocked, id=5740, stack(0x0000000025e50000,0x0000000025f50000)]
  0x000000001df1e000 JavaThread "jar transforms Thread 49" [_thread_blocked, id=10996, stack(0x0000000025d50000,0x0000000025e50000)]
  0x000000001df1c000 JavaThread "jar transforms Thread 48" [_thread_blocked, id=5476, stack(0x0000000025c50000,0x0000000025d50000)]
  0x000000001ade9000 JavaThread "jar transforms Thread 47" [_thread_blocked, id=9928, stack(0x0000000025b50000,0x0000000025c50000)]
  0x000000001adf0000 JavaThread "jar transforms Thread 46" [_thread_blocked, id=5084, stack(0x0000000025a50000,0x0000000025b50000)]
  0x000000001adeb800 JavaThread "jar transforms Thread 45" [_thread_blocked, id=948, stack(0x0000000025950000,0x0000000025a50000)]
  0x000000001adef000 JavaThread "jar transforms Thread 44" [_thread_blocked, id=11724, stack(0x0000000025850000,0x0000000025950000)]
  0x000000001adec000 JavaThread "jar transforms Thread 43" [_thread_blocked, id=11216, stack(0x0000000025750000,0x0000000025850000)]
  0x000000001adee800 JavaThread "jar transforms Thread 42" [_thread_blocked, id=17992, stack(0x0000000025650000,0x0000000025750000)]
  0x000000001adea800 JavaThread "jar transforms Thread 41" [_thread_blocked, id=19264, stack(0x0000000025550000,0x0000000025650000)]
  0x000000001aded000 JavaThread "jar transforms Thread 40" [_thread_blocked, id=1620, stack(0x0000000025450000,0x0000000025550000)]
  0x000000001aded800 JavaThread "jar transforms Thread 39" [_thread_blocked, id=10468, stack(0x0000000025350000,0x0000000025450000)]
  0x000000001adea000 JavaThread "jar transforms Thread 38" [_thread_blocked, id=21120, stack(0x0000000025250000,0x0000000025350000)]
  0x000000001ade1800 JavaThread "jar transforms Thread 37" [_thread_blocked, id=28876, stack(0x0000000025150000,0x0000000025250000)]
  0x000000001ade8000 JavaThread "jar transforms Thread 36" [_thread_blocked, id=20428, stack(0x0000000025050000,0x0000000025150000)]
  0x000000001ade0800 JavaThread "jar transforms Thread 35" [_thread_blocked, id=28524, stack(0x0000000024f50000,0x0000000025050000)]
  0x000000001ade4800 JavaThread "jar transforms Thread 34" [_thread_blocked, id=18376, stack(0x0000000024e50000,0x0000000024f50000)]
  0x000000001ade3000 JavaThread "jar transforms Thread 33" [_thread_blocked, id=14580, stack(0x0000000024d50000,0x0000000024e50000)]
  0x000000001ade6800 JavaThread "jar transforms Thread 32" [_thread_blocked, id=25012, stack(0x0000000024c50000,0x0000000024d50000)]
  0x000000001ade7800 JavaThread "jar transforms Thread 31" [_thread_blocked, id=20160, stack(0x0000000024b50000,0x0000000024c50000)]
  0x000000001ade6000 JavaThread "jar transforms Thread 30" [_thread_blocked, id=28980, stack(0x0000000024a50000,0x0000000024b50000)]
  0x000000001ade3800 JavaThread "jar transforms Thread 29" [_thread_blocked, id=26316, stack(0x0000000024950000,0x0000000024a50000)]
  0x000000001ade5000 JavaThread "jar transforms Thread 28" [_thread_blocked, id=23152, stack(0x0000000024850000,0x0000000024950000)]
  0x000000001ade2000 JavaThread "jar transforms Thread 27" [_thread_blocked, id=11780, stack(0x0000000024750000,0x0000000024850000)]
  0x0000000020511800 JavaThread "jar transforms Thread 26" [_thread_blocked, id=13496, stack(0x0000000024650000,0x0000000024750000)]
  0x0000000020510000 JavaThread "jar transforms Thread 25" [_thread_blocked, id=18632, stack(0x0000000024550000,0x0000000024650000)]
  0x0000000020510800 JavaThread "jar transforms Thread 24" [_thread_blocked, id=29432, stack(0x0000000024450000,0x0000000024550000)]
  0x000000002050f000 JavaThread "jar transforms Thread 23" [_thread_blocked, id=23068, stack(0x0000000024350000,0x0000000024450000)]
  0x0000000020507800 JavaThread "jar transforms Thread 22" [_thread_blocked, id=16504, stack(0x0000000024250000,0x0000000024350000)]
  0x000000002050d000 JavaThread "jar transforms Thread 21" [_thread_blocked, id=13696, stack(0x0000000024150000,0x0000000024250000)]
  0x000000002050e800 JavaThread "jar transforms Thread 20" [_thread_blocked, id=6408, stack(0x0000000024050000,0x0000000024150000)]
  0x000000002050c000 JavaThread "jar transforms Thread 19" [_thread_blocked, id=27340, stack(0x0000000023f50000,0x0000000024050000)]
  0x000000002050d800 JavaThread "jar transforms Thread 18" [_thread_blocked, id=21688, stack(0x0000000023e50000,0x0000000023f50000)]
  0x0000000020507000 JavaThread "jar transforms Thread 17" [_thread_blocked, id=21124, stack(0x0000000023d50000,0x0000000023e50000)]
  0x0000000020504800 JavaThread "jar transforms Thread 16" [_thread_blocked, id=28036, stack(0x0000000023c50000,0x0000000023d50000)]
  0x0000000020506000 JavaThread "jar transforms Thread 15" [_thread_blocked, id=20296, stack(0x0000000023b50000,0x0000000023c50000)]
  0x0000000020505800 JavaThread "jar transforms Thread 14" [_thread_blocked, id=3380, stack(0x0000000023a50000,0x0000000023b50000)]
  0x000000002050b800 JavaThread "jar transforms Thread 13" [_thread_blocked, id=10352, stack(0x0000000023950000,0x0000000023a50000)]
  0x0000000020504000 JavaThread "jar transforms Thread 12" [_thread_blocked, id=29124, stack(0x0000000023850000,0x0000000023950000)]
  0x000000002050a800 JavaThread "jar transforms Thread 11" [_thread_blocked, id=17860, stack(0x0000000023750000,0x0000000023850000)]
  0x000000002050a000 JavaThread "jar transforms Thread 10" [_thread_blocked, id=14924, stack(0x0000000023650000,0x0000000023750000)]
  0x0000000020502800 JavaThread "jar transforms Thread 9" [_thread_blocked, id=3832, stack(0x0000000023550000,0x0000000023650000)]
  0x0000000020508800 JavaThread "jar transforms Thread 8" [_thread_blocked, id=25924, stack(0x0000000023450000,0x0000000023550000)]
  0x0000000020503000 JavaThread "jar transforms Thread 7" [_thread_blocked, id=18276, stack(0x0000000023350000,0x0000000023450000)]
  0x0000000020509000 JavaThread "jar transforms Thread 6" [_thread_blocked, id=15188, stack(0x0000000023250000,0x0000000023350000)]
  0x000000001ef56000 JavaThread "jar transforms Thread 5" [_thread_blocked, id=21348, stack(0x0000000023150000,0x0000000023250000)]
  0x000000001ef55000 JavaThread "jar transforms Thread 4" [_thread_blocked, id=8132, stack(0x0000000023050000,0x0000000023150000)]
  0x000000001ef4d800 JavaThread "jar transforms Thread 3" [_thread_blocked, id=28480, stack(0x0000000022f50000,0x0000000023050000)]
  0x000000001ef54800 JavaThread "jar transforms Thread 2" [_thread_blocked, id=14720, stack(0x0000000022e50000,0x0000000022f50000)]
  0x000000001ef4c800 JavaThread "Build operations Thread 8" [_thread_blocked, id=17528, stack(0x0000000022d50000,0x0000000022e50000)]
  0x000000001ef53800 JavaThread "Build operations Thread 7" [_thread_blocked, id=28244, stack(0x0000000022c50000,0x0000000022d50000)]
  0x000000001ef53000 JavaThread "Build operations Thread 6" [_thread_blocked, id=19440, stack(0x0000000022b50000,0x0000000022c50000)]
  0x000000001ef52000 JavaThread "Build operations Thread 5" [_thread_blocked, id=26948, stack(0x0000000022a50000,0x0000000022b50000)]
  0x000000001ef4c000 JavaThread "Build operations Thread 4" [_thread_blocked, id=14100, stack(0x0000000022950000,0x0000000022a50000)]
  0x000000001ef51800 JavaThread "Build operations Thread 3" [_thread_blocked, id=27796, stack(0x0000000022850000,0x0000000022950000)]
  0x000000001ef49800 JavaThread "Build operations Thread 2" [_thread_blocked, id=14032, stack(0x0000000022750000,0x0000000022850000)]
  0x000000001ef50800 JavaThread "Build operations" [_thread_blocked, id=16620, stack(0x0000000022370000,0x0000000022470000)]
  0x000000001ef47800 JavaThread "Cache worker for file content cache (C:\Users\Triswanto\.gradle\caches\6.5\fileContent)" [_thread_blocked, id=21660, stack(0x0000000021e70000,0x0000000021f70000)]
  0x000000001ef4e800 JavaThread "jar transforms" [_thread_blocked, id=22400, stack(0x0000000021d70000,0x0000000021e70000)]
  0x000000001ef46800 JavaThread "Cache worker for execution history cache (C:\Users\Triswanto\.gradle\caches\6.5\executionHistory)" [_thread_blocked, id=29428, stack(0x0000000021a70000,0x0000000021b70000)]
  0x000000001ef49000 JavaThread "Cache worker for cache directory md-rule (C:\Users\Triswanto\.gradle\caches\6.5\md-rule)" [_thread_blocked, id=5072, stack(0x0000000021970000,0x0000000021a70000)]
  0x000000001b3c9800 JavaThread "Cache worker for cache directory md-supplier (C:\Users\Triswanto\.gradle\caches\6.5\md-supplier)" [_thread_blocked, id=12960, stack(0x0000000021870000,0x0000000021970000)]
  0x000000001b3c8800 JavaThread "Cache worker for checksums cache (C:\Users\Triswanto\AndroidStudioProjects\e_trace_app\android\.gradle\checksums)" [_thread_blocked, id=16332, stack(0x0000000021770000,0x0000000021870000)]
  0x000000001b3cb000 JavaThread "Cache worker for file hash cache (C:\Users\Triswanto\AndroidStudioProjects\e_trace_app\android\.gradle\6.5\fileHashes)" [_thread_blocked, id=28656, stack(0x0000000021670000,0x0000000021770000)]
  0x000000001b3ca000 JavaThread "Cache worker for file hash cache (C:\Users\Triswanto\.gradle\caches\6.5\fileHashes)" [_thread_blocked, id=27976, stack(0x000000001d9d0000,0x000000001dad0000)]
  0x000000001b3c7800 JavaThread "File lock request listener" [_thread_in_native, id=13928, stack(0x000000001d8d0000,0x000000001d9d0000)]
  0x000000001b550000 JavaThread "Cache worker for journal cache (C:\Users\Triswanto\.gradle\caches\journal-1)" [_thread_blocked, id=29612, stack(0x000000001d5d0000,0x000000001d6d0000)]
  0x000000001b4d3000 JavaThread "Thread-9" [_thread_blocked, id=17440, stack(0x000000001d4d0000,0x000000001d5d0000)]
  0x000000001a6e9000 JavaThread "Stdin handler" [_thread_blocked, id=19272, stack(0x000000001d3d0000,0x000000001d4d0000)]
  0x000000001a6ef000 JavaThread "Asynchronous log dispatcher for DefaultDaemonConnection: socket connection from /127.0.0.1:59736 to /127.0.0.1:59737" [_thread_blocked, id=1668, stack(0x000000001d2d0000,0x000000001d3d0000)]
  0x000000001b4d8800 JavaThread "Daemon worker" [_thread_in_native, id=28896, stack(0x000000001d1d0000,0x000000001d2d0000)]
  0x000000001b4c2800 JavaThread "Cancel handler" [_thread_blocked, id=14512, stack(0x000000001cfd0000,0x000000001d0d0000)]
  0x000000001b4a4000 JavaThread "Handler for socket connection from /127.0.0.1:59736 to /127.0.0.1:59737" [_thread_in_native, id=18696, stack(0x000000001ced0000,0x000000001cfd0000)]
  0x000000001b49f800 JavaThread "Daemon" [_thread_blocked, id=21832, stack(0x000000001cbd0000,0x000000001ccd0000)]
  0x000000001b48c800 JavaThread "Daemon periodic checks" [_thread_blocked, id=18136, stack(0x000000001cad0000,0x000000001cbd0000)]
  0x000000001b432000 JavaThread "Incoming local TCP Connector on port 59736" [_thread_in_native, id=22344, stack(0x000000001c890000,0x000000001c990000)]
  0x000000001b3bf000 JavaThread "Daemon health stats" [_thread_blocked, id=10888, stack(0x000000001c250000,0x000000001c350000)]
  0x0000000018a73000 JavaThread "Service Thread" daemon [_thread_blocked, id=28756, stack(0x00000000196b0000,0x00000000197b0000)]
  0x0000000018a0f800 JavaThread "C1 CompilerThread3" daemon [_thread_blocked, id=21828, stack(0x00000000195b0000,0x00000000196b0000)]
  0x00000000189f4000 JavaThread "C2 CompilerThread2" daemon [_thread_blocked, id=8416, stack(0x00000000194b0000,0x00000000195b0000)]
=>0x00000000189eb000 JavaThread "C2 CompilerThread1" daemon [_thread_in_native, id=20144, stack(0x00000000193b0000,0x00000000194b0000)]
  0x00000000189e4800 JavaThread "C2 CompilerThread0" daemon [_thread_in_native, id=18228, stack(0x00000000192b0000,0x00000000193b0000)]
  0x00000000189e0800 JavaThread "Attach Listener" daemon [_thread_blocked, id=24324, stack(0x00000000191b0000,0x00000000192b0000)]
  0x00000000189df000 JavaThread "Signal Dispatcher" daemon [_thread_blocked, id=20920, stack(0x00000000190b0000,0x00000000191b0000)]
  0x00000000189d0800 JavaThread "Finalizer" daemon [_thread_blocked, id=11180, stack(0x0000000018eb0000,0x0000000018fb0000)]
  0x0000000016bcb800 JavaThread "Reference Handler" daemon [_thread_blocked, id=17116, stack(0x0000000018db0000,0x0000000018eb0000)]
  0x0000000002c0e800 JavaThread "main" [_thread_blocked, id=13036, stack(0x0000000002c10000,0x0000000002d10000)]

Other Threads:
  0x0000000016bc6000 VMThread [stack: 0x00000000188b0000,0x00000000189b0000] [id=17276]
  0x0000000018a7c800 WatcherThread [stack: 0x00000000197b0000,0x00000000198b0000] [id=23604]

VM state:not at safepoint (normal execution)

VM Mutex/Monitor currently owned by a thread: None

heap address: 0x00000000a0000000, size: 1536 MB, Compressed Oops mode: 32-bit
Narrow klass base: 0x0000000000000000, Narrow klass shift: 3
Compressed class space size: 1073741824 Address: 0x0000000100000000

Heap:
 PSYoungGen      total 223744K, used 158385K [0x00000000e0000000, 0x00000000ef080000, 0x0000000100000000)
  eden space 211456K, 69% used [0x00000000e0000000,0x00000000e8eb2638,0x00000000ece80000)
  from space 12288K, 99% used [0x00000000edf00000,0x00000000eeafa078,0x00000000eeb00000)
  to   space 16896K, 0% used [0x00000000ece80000,0x00000000ece80000,0x00000000edf00000)
 ParOldGen       total 69120K, used 22751K [0x00000000a0000000, 0x00000000a4380000, 0x00000000e0000000)
  object space 69120K, 32% used [0x00000000a0000000,0x00000000a1637cd8,0x00000000a4380000)
 Metaspace       used 54948K, capacity 57280K, committed 57432K, reserved 1099776K
  class space    used 7443K, capacity 7994K, committed 8064K, reserved 1048576K

Card table byte_map: [0x00000000121d0000,0x00000000124e0000] byte_map_base: 0x0000000011cd0000

Marking Bits: (ParMarkBitMap*) 0x000000006109f030
 Begin Bits: [0x0000000012ee0000, 0x00000000146e0000)
 End Bits:   [0x00000000146e0000, 0x0000000015ee0000)

Polling page: 0x0000000001340000

CodeCache: size=245760Kb used=17675Kb max_used=17675Kb free=228085Kb
 bounds [0x0000000002e10000, 0x0000000003f70000, 0x0000000011e10000]
 total_blobs=6000 nmethods=5222 adapters=691
 compilation: enabled

Compilation events (10 events):
Event: 12.312 Thread 0x0000000018a0f800 5666       3       com.android.utils.StringHelper::appendCapitalized (285 bytes)
Event: 12.314 Thread 0x0000000018a0f800 nmethod 5666 0x0000000003f5bc50 code [0x0000000003f5c020, 0x0000000003f5de98]
Event: 12.315 Thread 0x0000000018a0f800 5667       3       org.gradle.api.internal.tasks.DefaultTaskContainer_Decorated::getInstantiator (39 bytes)
Event: 12.316 Thread 0x0000000018a0f800 nmethod 5667 0x0000000003f26110 code [0x0000000003f262e0, 0x0000000003f26a88]
Event: 12.316 Thread 0x0000000018a0f800 5668       3       org.gradle.internal.ImmutableActionSet::access$300 (6 bytes)
Event: 12.316 Thread 0x0000000018a0f800 nmethod 5668 0x0000000003f5f1d0 code [0x0000000003f5f380, 0x0000000003f5f8e8]
Event: 12.316 Thread 0x0000000018a0f800 5669       3       org.gradle.internal.ImmutableActionSet::plus (24 bytes)
Event: 12.317 Thread 0x0000000018a0f800 nmethod 5669 0x0000000003f5fbd0 code [0x0000000003f5fda0, 0x0000000003f60468]
Event: 12.317 Thread 0x0000000018a0f800 5670       3       java.util.StringTokenizer::setMaxDelimCodePoint (156 bytes)
Event: 12.318 Thread 0x0000000018a0f800 nmethod 5670 0x0000000003f607d0 code [0x0000000003f609c0, 0x0000000003f614e8]

GC Heap History (10 events):
Event: 6.796 GC heap before
{Heap before GC invocations=10 (full 1):
 PSYoungGen      total 114176K, used 113837K [0x00000000e0000000, 0x00000000e9100000, 0x0000000100000000)
  eden space 105472K, 100% used [0x00000000e0000000,0x00000000e6700000,0x00000000e6700000)
  from space 8704K, 96% used [0x00000000e8880000,0x00000000e90ab578,0x00000000e9100000)
  to   space 11264K, 0% used [0x00000000e7b00000,0x00000000e7b00000,0x00000000e8600000)
 ParOldGen       total 54784K, used 7058K [0x00000000a0000000, 0x00000000a3580000, 0x00000000e0000000)
  object space 54784K, 12% used [0x00000000a0000000,0x00000000a06e4a98,0x00000000a3580000)
 Metaspace       used 34355K, capacity 35346K, committed 35416K, reserved 1079296K
  class space    used 4725K, capacity 4960K, committed 4992K, reserved 1048576K
Event: 6.808 GC heap after
Heap after GC invocations=10 (full 1):
 PSYoungGen      total 137216K, used 11232K [0x00000000e0000000, 0x00000000ea680000, 0x0000000100000000)
  eden space 125952K, 0% used [0x00000000e0000000,0x00000000e0000000,0x00000000e7b00000)
  from space 11264K, 99% used [0x00000000e7b00000,0x00000000e85f8208,0x00000000e8600000)
  to   space 13312K, 0% used [0x00000000e9980000,0x00000000e9980000,0x00000000ea680000)
 ParOldGen       total 54784K, used 8668K [0x00000000a0000000, 0x00000000a3580000, 0x00000000e0000000)
  object space 54784K, 15% used [0x00000000a0000000,0x00000000a08773d0,0x00000000a3580000)
 Metaspace       used 34355K, capacity 35346K, committed 35416K, reserved 1079296K
  class space    used 4725K, capacity 4960K, committed 4992K, reserved 1048576K
}
Event: 6.818 GC heap before
{Heap before GC invocations=11 (full 1):
 PSYoungGen      total 137216K, used 13518K [0x00000000e0000000, 0x00000000ea680000, 0x0000000100000000)
  eden space 125952K, 1% used [0x00000000e0000000,0x00000000e023b648,0x00000000e7b00000)
  from space 11264K, 99% used [0x00000000e7b00000,0x00000000e85f8208,0x00000000e8600000)
  to   space 13312K, 0% used [0x00000000e9980000,0x00000000e9980000,0x00000000ea680000)
 ParOldGen       total 54784K, used 8668K [0x00000000a0000000, 0x00000000a3580000, 0x00000000e0000000)
  object space 54784K, 15% used [0x00000000a0000000,0x00000000a08773d0,0x00000000a3580000)
 Metaspace       used 34387K, capacity 35378K, committed 35416K, reserved 1079296K
  class space    used 4729K, capacity 4992K, committed 4992K, reserved 1048576K
Event: 6.827 GC heap after
Heap after GC invocations=11 (full 1):
 PSYoungGen      total 157696K, used 5104K [0x00000000e0000000, 0x00000000ed780000, 0x0000000100000000)
  eden space 144384K, 0% used [0x00000000e0000000,0x00000000e0000000,0x00000000e8d00000)
  from space 13312K, 38% used [0x00000000e9980000,0x00000000e9e7c010,0x00000000ea680000)
  to   space 12800K, 0% used [0x00000000e8d00000,0x00000000e8d00000,0x00000000e9980000)
 ParOldGen       total 54784K, used 12038K [0x00000000a0000000, 0x00000000a3580000, 0x00000000e0000000)
  object space 54784K, 21% used [0x00000000a0000000,0x00000000a0bc1b48,0x00000000a3580000)
 Metaspace       used 34387K, capacity 35378K, committed 35416K, reserved 1079296K
  class space    used 4729K, capacity 4992K, committed 4992K, reserved 1048576K
}
Event: 6.827 GC heap before
{Heap before GC invocations=12 (full 2):
 PSYoungGen      total 157696K, used 5104K [0x00000000e0000000, 0x00000000ed780000, 0x0000000100000000)
  eden space 144384K, 0% used [0x00000000e0000000,0x00000000e0000000,0x00000000e8d00000)
  from space 13312K, 38% used [0x00000000e9980000,0x00000000e9e7c010,0x00000000ea680000)
  to   space 12800K, 0% used [0x00000000e8d00000,0x00000000e8d00000,0x00000000e9980000)
 ParOldGen       total 54784K, used 12038K [0x00000000a0000000, 0x00000000a3580000, 0x00000000e0000000)
  object space 54784K, 21% used [0x00000000a0000000,0x00000000a0bc1b48,0x00000000a3580000)
 Metaspace       used 34387K, capacity 35378K, committed 35416K, reserved 1079296K
  class space    used 4729K, capacity 4992K, committed 4992K, reserved 1048576K
Event: 6.887 GC heap after
Heap after GC invocations=12 (full 2):
 PSYoungGen      total 157696K, used 0K [0x00000000e0000000, 0x00000000ed780000, 0x0000000100000000)
  eden space 144384K, 0% used [0x00000000e0000000,0x00000000e0000000,0x00000000e8d00000)
  from space 13312K, 0% used [0x00000000e9980000,0x00000000e9980000,0x00000000ea680000)
  to   space 12800K, 0% used [0x00000000e8d00000,0x00000000e8d00000,0x00000000e9980000)
 ParOldGen       total 69120K, used 14847K [0x00000000a0000000, 0x00000000a4380000, 0x00000000e0000000)
  object space 69120K, 21% used [0x00000000a0000000,0x00000000a0e7fd40,0x00000000a4380000)
 Metaspace       used 34387K, capacity 35378K, committed 35416K, reserved 1079296K
  class space    used 4729K, capacity 4992K, committed 4992K, reserved 1048576K
}
Event: 8.472 GC heap before
{Heap before GC invocations=13 (full 2):
 PSYoungGen      total 157696K, used 144384K [0x00000000e0000000, 0x00000000ed780000, 0x0000000100000000)
  eden space 144384K, 100% used [0x00000000e0000000,0x00000000e8d00000,0x00000000e8d00000)
  from space 13312K, 0% used [0x00000000e9980000,0x00000000e9980000,0x00000000ea680000)
  to   space 12800K, 0% used [0x00000000e8d00000,0x00000000e8d00000,0x00000000e9980000)
 ParOldGen       total 69120K, used 14847K [0x00000000a0000000, 0x00000000a4380000, 0x00000000e0000000)
  object space 69120K, 21% used [0x00000000a0000000,0x00000000a0e7fd40,0x00000000a4380000)
 Metaspace       used 37383K, capacity 38978K, committed 39256K, reserved 1083392K
  class space    used 5129K, capacity 5450K, committed 5504K, reserved 1048576K
Event: 8.479 GC heap after
Heap after GC invocations=13 (full 2):
 PSYoungGen      total 157184K, used 6163K [0x00000000e0000000, 0x00000000eeb00000, 0x0000000100000000)
  eden space 144384K, 0% used [0x00000000e0000000,0x00000000e0000000,0x00000000e8d00000)
  from space 12800K, 48% used [0x00000000e8d00000,0x00000000e9304e90,0x00000000e9980000)
  to   space 12288K, 0% used [0x00000000edf00000,0x00000000edf00000,0x00000000eeb00000)
 ParOldGen       total 69120K, used 14855K [0x00000000a0000000, 0x00000000a4380000, 0x00000000e0000000)
  object space 69120K, 21% used [0x00000000a0000000,0x00000000a0e81d40,0x00000000a4380000)
 Metaspace       used 37383K, capacity 38978K, committed 39256K, reserved 1083392K
  class space    used 5129K, capacity 5450K, committed 5504K, reserved 1048576K
}
Event: 10.944 GC heap before
{Heap before GC invocations=14 (full 2):
 PSYoungGen      total 157184K, used 150547K [0x00000000e0000000, 0x00000000eeb00000, 0x0000000100000000)
  eden space 144384K, 100% used [0x00000000e0000000,0x00000000e8d00000,0x00000000e8d00000)
  from space 12800K, 48% used [0x00000000e8d00000,0x00000000e9304e90,0x00000000e9980000)
  to   space 12288K, 0% used [0x00000000edf00000,0x00000000edf00000,0x00000000eeb00000)
 ParOldGen       total 69120K, used 14855K [0x00000000a0000000, 0x00000000a4380000, 0x00000000e0000000)
  object space 69120K, 21% used [0x00000000a0000000,0x00000000a0e81d40,0x00000000a4380000)
 Metaspace       used 50832K, capacity 52742K, committed 52952K, reserved 1095680K
  class space    used 6745K, capacity 7148K, committed 7168K, reserved 1048576K
Event: 10.960 GC heap after
Heap after GC invocations=14 (full 2):
 PSYoungGen      total 223744K, used 12264K [0x00000000e0000000, 0x00000000ef080000, 0x0000000100000000)
  eden space 211456K, 0% used [0x00000000e0000000,0x00000000e0000000,0x00000000ece80000)
  from space 12288K, 99% used [0x00000000edf00000,0x00000000eeafa078,0x00000000eeb00000)
  to   space 16896K, 0% used [0x00000000ece80000,0x00000000ece80000,0x00000000edf00000)
 ParOldGen       total 69120K, used 22751K [0x00000000a0000000, 0x00000000a4380000, 0x00000000e0000000)
  object space 69120K, 32% used [0x00000000a0000000,0x00000000a1637cd8,0x00000000a4380000)
 Metaspace       used 50832K, capacity 52742K, committed 52952K, reserved 1095680K
  class space    used 6745K, capacity 7148K, committed 7168K, reserved 1048576K
}

Deoptimization events (10 events):
Event: 10.618 Thread 0x000000001b4d8800 Uncommon trap: reason=unstable_if action=reinterpret pc=0x00000000031e44fc method=org.gradle.internal.instantiation.generator.AbstractClassGenerator$InjectionAnnotationValidator.validateMethod(Ljava/lang/reflect/Method;Lorg/gradle/internal/reflect/Propert
Event: 10.690 Thread 0x000000001b4d8800 Uncommon trap: reason=unstable_if action=reinterpret pc=0x00000000031d47a4 method=java.lang.String.lastIndexOf([CII[CIII)I @ 17
Event: 10.690 Thread 0x000000001b4d8800 Uncommon trap: reason=unstable_if action=reinterpret pc=0x00000000034ed398 method=sun.net.www.protocol.jar.Handler.parseURL(Ljava/net/URL;Ljava/lang/String;II)V @ 116
Event: 10.702 Thread 0x000000001b4d8800 Uncommon trap: reason=unstable_if action=reinterpret pc=0x00000000032137b4 method=java.util.concurrent.ConcurrentHashMap.putVal(Ljava/lang/Object;Ljava/lang/Object;Z)Ljava/lang/Object; @ 195
Event: 11.254 Thread 0x000000001b4d8800 Uncommon trap: reason=unstable_if action=reinterpret pc=0x0000000003dc5544 method=org.codehaus.groovy.runtime.metaclass.MetaMethodIndex.copyNonPrivateNonNewMetaMethods(Lorg/codehaus/groovy/runtime/metaclass/MetaMethodIndex$Entry;Lorg/codehaus/groovy/runti
Event: 11.258 Thread 0x000000001b4d8800 Uncommon trap: reason=unstable_if action=reinterpret pc=0x0000000003a608f0 method=groovy.lang.MetaClassImpl.checkIfStdMethod(Lgroovy/lang/MetaMethod;)V @ 55
Event: 11.296 Thread 0x000000001b4d8800 Uncommon trap: reason=unstable_if action=reinterpret pc=0x0000000003df1604 method=groovy.lang.MetaClassImpl.filterPropertyMethod(Ljava/lang/Object;ZZ)Ljava/lang/Object; @ 187
Event: 11.326 Thread 0x000000001b4d8800 Uncommon trap: reason=unstable_if action=reinterpret pc=0x0000000003a3cba0 method=org.codehaus.groovy.runtime.metaclass.MetaMethodIndex.addMethodToList(Ljava/lang/Object;Lgroovy/lang/MetaMethod;)Ljava/lang/Object; @ 55
Event: 11.335 Thread 0x000000001b4d8800 Uncommon trap: reason=unstable_if action=reinterpret pc=0x00000000032d1204 method=sun.misc.URLClassPath$JarLoader.getResource(Ljava/lang/String;ZLjava/util/Set;)Lsun/misc/Resource; @ 17
Event: 11.580 Thread 0x000000001b4d8800 Uncommon trap: reason=null_check action=make_not_entrant pc=0x000000000358f470 method=java.lang.Class.searchMethods([Ljava/lang/reflect/Method;Ljava/lang/String;[Ljava/lang/Class;)Ljava/lang/reflect/Method; @ 59

Classes redefined (0 events):
No events

Internal exceptions (10 events):
Event: 11.562 Thread 0x000000001b4d8800 Exception <a 'java/lang/ClassNotFoundException': com/android/build/gradle/internal/dsl/LintOptionsCustomizer> (0x00000000e69dd758) thrown at [C:\src\AOSP-openjdk-git\hotspot\src\share\vm\classfile\systemDictionary.cpp, line 210]
Event: 11.567 Thread 0x000000001b4d8800 Exception <a 'java/lang/ClassNotFoundException': com/android/build/gradle/internal/dsl/LintOptions_DecoratedCustomizer> (0x00000000e6a66950) thrown at [C:\src\AOSP-openjdk-git\hotspot\src\share\vm\classfile\systemDictionary.cpp, line 210]
Event: 11.589 Thread 0x000000001b4d8800 Exception <a 'java/lang/ClassNotFoundException': com/android/build/gradle/internal/dsl/DefaultConfig_DecoratedBeanInfo> (0x00000000e6c454a8) thrown at [C:\src\AOSP-openjdk-git\hotspot\src\share\vm\classfile\systemDictionary.cpp, line 210]
Event: 11.589 Thread 0x000000001b4d8800 Exception <a 'java/lang/ClassNotFoundException': com/android/build/gradle/internal/dsl/DefaultConfigBeanInfo> (0x00000000e6c68a20) thrown at [C:\src\AOSP-openjdk-git\hotspot\src\share\vm\classfile\systemDictionary.cpp, line 210]
Event: 11.589 Thread 0x000000001b4d8800 Exception <a 'java/lang/ClassNotFoundException': com/android/build/gradle/internal/dsl/BaseFlavorBeanInfo> (0x00000000e6c8aa50) thrown at [C:\src\AOSP-openjdk-git\hotspot\src\share\vm\classfile\systemDictionary.cpp, line 210]
Event: 11.590 Thread 0x000000001b4d8800 Exception <a 'java/lang/ClassNotFoundException': com/android/builder/core/AbstractProductFlavorBeanInfo> (0x00000000e6cabc20) thrown at [C:\src\AOSP-openjdk-git\hotspot\src\share\vm\classfile\systemDictionary.cpp, line 210]
Event: 11.590 Thread 0x000000001b4d8800 Exception <a 'java/lang/ClassNotFoundException': com/android/builder/core/AbstractProductFlavorCustomizer> (0x00000000e6ccdb88) thrown at [C:\src\AOSP-openjdk-git\hotspot\src\share\vm\classfile\systemDictionary.cpp, line 210]
Event: 11.593 Thread 0x000000001b4d8800 Exception <a 'java/lang/ClassNotFoundException': com/android/build/gradle/internal/dsl/BaseFlavorCustomizer> (0x00000000e6d435a0) thrown at [C:\src\AOSP-openjdk-git\hotspot\src\share\vm\classfile\systemDictionary.cpp, line 210]
Event: 11.598 Thread 0x000000001b4d8800 Exception <a 'java/lang/ClassNotFoundException': com/android/build/gradle/internal/dsl/DefaultConfigCustomizer> (0x00000000e6df8518) thrown at [C:\src\AOSP-openjdk-git\hotspot\src\share\vm\classfile\systemDictionary.cpp, line 210]
Event: 11.600 Thread 0x000000001b4d8800 Exception <a 'java/lang/ClassNotFoundException': com/android/build/gradle/internal/dsl/DefaultConfig_DecoratedCustomizer> (0x00000000e6e3f728) thrown at [C:\src\AOSP-openjdk-git\hotspot\src\share\vm\classfile\systemDictionary.cpp, line 210]

Events (10 events):
Event: 12.281 loading class com/android/build/gradle/internal/tasks/SdkDependencyDataGeneratorTask$CreationAction$handleProvider$1
Event: 12.281 loading class com/android/build/gradle/internal/tasks/SdkDependencyDataGeneratorTask$CreationAction$handleProvider$1 done
Event: 12.283 loading class com/android/build/gradle/internal/tasks/SdkDependencyDataGeneratorTask$CreationAction$handleProvider$2
Event: 12.283 loading class com/android/build/gradle/internal/tasks/SdkDependencyDataGeneratorTask$CreationAction$handleProvider$2 done
Event: 12.284 loading class com/android/build/gradle/internal/scope/InternalArtifactType$SDK_DEPENDENCY_DATA_PUBLIC
Event: 12.284 loading class com/android/build/gradle/internal/scope/InternalArtifactType$SDK_DEPENDENCY_DATA_PUBLIC done
Event: 12.286 loading class org/gradle/internal/Actions$FilteredAction
Event: 12.286 loading class org/gradle/internal/Actions$FilteredAction done
Event: 12.317 loading class com/android/build/gradle/internal/tasks/TestPreBuildTask
Event: 12.317 loading class com/android/build/gradle/internal/tasks/TestPreBuildTask done


Dynamic libraries:
0x00007ff7526a0000 - 0x00007ff7526d1000 	C:\Program Files\Android\Android Studio\jre\bin\java.exe
0x00007ffa4c640000 - 0x00007ffa4c82d000 	C:\Windows\SYSTEM32\ntdll.dll
0x00007ffa4a2f0000 - 0x00007ffa4a3a3000 	C:\Windows\System32\KERNEL32.DLL
0x00007ffa49310000 - 0x00007ffa495a5000 	C:\Windows\System32\KERNELBASE.dll
0x00007ffa49ee0000 - 0x00007ffa49f83000 	C:\Windows\System32\ADVAPI32.dll
0x00007ffa4c270000 - 0x00007ffa4c30e000 	C:\Windows\System32\msvcrt.dll
0x00007ffa4c400000 - 0x00007ffa4c49e000 	C:\Windows\System32\sechost.dll
0x00007ffa4a3b0000 - 0x00007ffa4a4d2000 	C:\Windows\System32\RPCRT4.dll
0x00007ffa4a540000 - 0x00007ffa4a6d7000 	C:\Windows\System32\USER32.dll
0x00007ffa486f0000 - 0x00007ffa48710000 	C:\Windows\System32\win32u.dll
0x00007ffa49860000 - 0x00007ffa49889000 	C:\Windows\System32\GDI32.dll
0x00007ffa490c0000 - 0x00007ffa4925c000 	C:\Windows\System32\gdi32full.dll
0x00007ffa49020000 - 0x00007ffa490c0000 	C:\Windows\System32\msvcp_win.dll
0x00007ffa487c0000 - 0x00007ffa488ba000 	C:\Windows\System32\ucrtbase.dll
0x00007ffa2e190000 - 0x00007ffa2e409000 	C:\Windows\WinSxS\amd64_microsoft.windows.common-controls_6595b64144ccf1df_6.0.17763.1577_none_de7444545348a3d0\COMCTL32.dll
0x00007ffa49f90000 - 0x00007ffa4a2bd000 	C:\Windows\System32\combase.dll
0x00007ffa495b0000 - 0x00007ffa4962e000 	C:\Windows\System32\bcryptPrimitives.dll
0x00007ffa49b50000 - 0x00007ffa49b7e000 	C:\Windows\System32\IMM32.DLL
0x0000000060320000 - 0x00000000603f2000 	C:\Program Files\Android\Android Studio\jre\jre\bin\msvcr100.dll
0x00000000608d0000 - 0x000000006111b000 	C:\Program Files\Android\Android Studio\jre\jre\bin\server\jvm.dll
0x00007ffa49b40000 - 0x00007ffa49b48000 	C:\Windows\System32\PSAPI.DLL
0x00007ffa41b30000 - 0x00007ffa41b54000 	C:\Windows\SYSTEM32\WINMM.dll
0x00007ffa40560000 - 0x00007ffa4056a000 	C:\Windows\SYSTEM32\VERSION.dll
0x00007ffa28c40000 - 0x00007ffa28c49000 	C:\Windows\SYSTEM32\WSOCK32.dll
0x00007ffa4c310000 - 0x00007ffa4c37d000 	C:\Windows\System32\WS2_32.dll
0x00007ffa41700000 - 0x00007ffa4172d000 	C:\Windows\SYSTEM32\WINMMBASE.dll
0x00007ffa48710000 - 0x00007ffa4875a000 	C:\Windows\System32\cfgmgr32.dll
0x00007ffa402a0000 - 0x00007ffa402af000 	C:\Program Files\Android\Android Studio\jre\jre\bin\verify.dll
0x00007ffa37d50000 - 0x00007ffa37d79000 	C:\Program Files\Android\Android Studio\jre\jre\bin\java.dll
0x00007ffa3f3d0000 - 0x00007ffa3f3e6000 	C:\Program Files\Android\Android Studio\jre\jre\bin\zip.dll
0x00007ffa4ad10000 - 0x00007ffa4c209000 	C:\Windows\System32\SHELL32.dll
0x00007ffa4c500000 - 0x00007ffa4c5a8000 	C:\Windows\System32\shcore.dll
0x00007ffa488c0000 - 0x00007ffa49013000 	C:\Windows\System32\windows.storage.dll
0x00007ffa48660000 - 0x00007ffa48684000 	C:\Windows\System32\profapi.dll
0x00007ffa48690000 - 0x00007ffa486ed000 	C:\Windows\System32\powrprof.dll
0x00007ffa4a4e0000 - 0x00007ffa4a532000 	C:\Windows\System32\shlwapi.dll
0x00007ffa48620000 - 0x00007ffa48631000 	C:\Windows\System32\kernel.appcore.dll
0x00007ffa49840000 - 0x00007ffa49857000 	C:\Windows\System32\cryptsp.dll
0x00007ffa35160000 - 0x00007ffa3517a000 	C:\Program Files\Android\Android Studio\jre\jre\bin\net.dll
0x00007ffa47e90000 - 0x00007ffa47ef7000 	C:\Windows\system32\mswsock.dll
0x00007ffa35140000 - 0x00007ffa35153000 	C:\Program Files\Android\Android Studio\jre\jre\bin\nio.dll
0x00007ffa37bf0000 - 0x00007ffa37c17000 	C:\Users\Triswanto\.gradle\native\f6784746aeab05261644944871eae4fe03e0ef1612fff0a4a95f87b438bc6780\windows-amd64\native-platform.dll
0x00007ffa35130000 - 0x00007ffa3513d000 	C:\Program Files\Android\Android Studio\jre\jre\bin\management.dll
0x00007ffa47a10000 - 0x00007ffa47a43000 	C:\Windows\system32\rsaenh.dll
0x00007ffa49810000 - 0x00007ffa49836000 	C:\Windows\System32\bcrypt.dll
0x00007ffa48520000 - 0x00007ffa48549000 	C:\Windows\SYSTEM32\USERENV.dll
0x00007ffa48060000 - 0x00007ffa4806c000 	C:\Windows\SYSTEM32\CRYPTBASE.dll
0x00007ffa47bb0000 - 0x00007ffa47bed000 	C:\Windows\SYSTEM32\IPHLPAPI.DLL
0x00007ffa49b30000 - 0x00007ffa49b38000 	C:\Windows\System32\NSI.dll
0x00007ffa41780000 - 0x00007ffa41796000 	C:\Windows\SYSTEM32\dhcpcsvc6.DLL
0x00007ffa41540000 - 0x00007ffa4155c000 	C:\Windows\SYSTEM32\dhcpcsvc.DLL
0x00007ffa47bf0000 - 0x00007ffa47cb6000 	C:\Windows\SYSTEM32\DNSAPI.dll
0x00007ffa436f0000 - 0x00007ffa436fb000 	C:\Windows\SYSTEM32\WINNSI.DLL

VM Arguments:
jvm_args: -Xmx1536M -Dfile.encoding=windows-1252 -Duser.country=ID -Duser.language=en -Duser.variant 
java_command: org.gradle.launcher.daemon.bootstrap.GradleDaemon 6.5
java_class_path (initial): C:\Users\Triswanto\.gradle\wrapper\dists\gradle-6.5-all\2oz4ud9k3tuxjg84bbf55q0tn\gradle-6.5\lib\gradle-launcher-6.5.jar
Launcher Type: SUN_STANDARD

Environment Variables:
JAVA_HOME=C:\Program Files\Android\Android Studio\jre
CLASSPATH=C:\Users\Triswanto\AndroidStudioProjects\e_trace_app\android\\gradle\wrapper\gradle-wrapper.jar
PATH=C:\Windows\system32;C:\Windows;C:\Windows\System32\Wbem;C:\Windows\System32\WindowsPowerShell\v1.0\;C:\Windows\System32\OpenSSH\;C:\Program Files\Intel\WiFi\bin\;C:\Program Files\Common Files\Intel\WirelessCommon\;c:\Program Files (x86)\Intel\Intel(R) Management Engine Components\DAL;c:\Program Files\Intel\Intel(R) Management Engine Components\DAL;C:\flutter\bin;C:\Users\Triswanto\AppData\Local\Microsoft\WindowsApps;C:\Users\Triswanto\AppData\Local\Programs\Git\cmd;C:\flutter\bin\mingit\cmd
USERNAME=triswanto
OS=Windows_NT
PROCESSOR_IDENTIFIER=Intel64 Family 6 Model 142 Stepping 10, GenuineIntel



---------------  S Y S T E M  ---------------

OS: Windows 10.0 , 64 bit Build 17763 (10.0.17763.475)

CPU:total 8 (initial active 8) (4 cores per cpu, 2 threads per core) family 6 model 142 stepping 10, cmov, cx8, fxsr, mmx, sse, sse2, sse3, ssse3, sse4.1, sse4.2, popcnt, avx, avx2, aes, clmul, erms, 3dnowpref, lzcnt, ht, tsc, tscinvbit, bmi1, bmi2, adx

Memory: 4k page, physical 8235140k(417672k free), swap 26155008k(900k free)

vm_info: OpenJDK 64-Bit Server VM (25.242-b01) for windows-amd64 JRE (1.8.0_242-release-1644-b01), built by "builder" with MS VC++ 10.0 (VS2010)

time: Tue Dec 15 06:31:49 2020
timezone: SE Asia Standard Time
elapsed time: 12 seconds (0d 0h 0m 12s)

